<?xml version="1.0" encoding="UTF-8"?>
<!-- Generated by org.testng.reporters.JUnitReportReporter -->
<testsuite skipped="0" hostname="DESKTOP-9IPN656" name="test.loginPageTest" tests="1" failures="0" timestamp="2020-05-17T17:27:25 EDT" time="29.963" errors="0">
  <testcase name="loginTest" time="29.963" classname="test.loginPageTest"/>
  <system-out/>
</testsuite> <!-- test.loginPageTest -->
